ARM GAS  C:\temp\cchW4tqU.s 			page 1


   1              		.cpu cortex-m4
   2              		.arch armv7e-m
   3              		.fpu fpv4-sp-d16
   4              		.eabi_attribute 27, 1
   5              		.eabi_attribute 28, 1
   6              		.eabi_attribute 20, 1
   7              		.eabi_attribute 21, 1
   8              		.eabi_attribute 23, 3
   9              		.eabi_attribute 24, 1
  10              		.eabi_attribute 25, 1
  11              		.eabi_attribute 26, 1
  12              		.eabi_attribute 30, 1
  13              		.eabi_attribute 34, 1
  14              		.eabi_attribute 18, 4
  15              		.file	"gpio.c"
  16              		.text
  17              	.Ltext0:
  18              		.cfi_sections	.debug_frame
  19              		.section	.text.MX_GPIO_Init,"ax",%progbits
  20              		.align	1
  21              		.global	MX_GPIO_Init
  22              		.syntax unified
  23              		.thumb
  24              		.thumb_func
  26              	MX_GPIO_Init:
  27              	.LFB332:
  28              		.file 1 "Core/Src/gpio.c"
   1:Core/Src/gpio.c **** /* USER CODE BEGIN Header */
   2:Core/Src/gpio.c **** /**
   3:Core/Src/gpio.c ****   ******************************************************************************
   4:Core/Src/gpio.c ****   * @file    gpio.c
   5:Core/Src/gpio.c ****   * @brief   This file provides code for the configuration
   6:Core/Src/gpio.c ****   *          of all used GPIO pins.
   7:Core/Src/gpio.c ****   ******************************************************************************
   8:Core/Src/gpio.c ****   * @attention
   9:Core/Src/gpio.c ****   *
  10:Core/Src/gpio.c ****   * Copyright (c) 2024 STMicroelectronics.
  11:Core/Src/gpio.c ****   * All rights reserved.
  12:Core/Src/gpio.c ****   *
  13:Core/Src/gpio.c ****   * This software is licensed under terms that can be found in the LICENSE file
  14:Core/Src/gpio.c ****   * in the root directory of this software component.
  15:Core/Src/gpio.c ****   * If no LICENSE file comes with this software, it is provided AS-IS.
  16:Core/Src/gpio.c ****   *
  17:Core/Src/gpio.c ****   ******************************************************************************
  18:Core/Src/gpio.c ****   */
  19:Core/Src/gpio.c **** /* USER CODE END Header */
  20:Core/Src/gpio.c **** 
  21:Core/Src/gpio.c **** /* Includes ------------------------------------------------------------------*/
  22:Core/Src/gpio.c **** #include "gpio.h"
  23:Core/Src/gpio.c **** 
  24:Core/Src/gpio.c **** /* USER CODE BEGIN 0 */
  25:Core/Src/gpio.c **** 
  26:Core/Src/gpio.c **** /* USER CODE END 0 */
  27:Core/Src/gpio.c **** 
  28:Core/Src/gpio.c **** /*----------------------------------------------------------------------------*/
  29:Core/Src/gpio.c **** /* Configure GPIO                                                             */
  30:Core/Src/gpio.c **** /*----------------------------------------------------------------------------*/
ARM GAS  C:\temp\cchW4tqU.s 			page 2


  31:Core/Src/gpio.c **** /* USER CODE BEGIN 1 */
  32:Core/Src/gpio.c **** 
  33:Core/Src/gpio.c **** /* USER CODE END 1 */
  34:Core/Src/gpio.c **** 
  35:Core/Src/gpio.c **** /** Configure pins as
  36:Core/Src/gpio.c ****         * Analog
  37:Core/Src/gpio.c ****         * Input
  38:Core/Src/gpio.c ****         * Output
  39:Core/Src/gpio.c ****         * EVENT_OUT
  40:Core/Src/gpio.c ****         * EXTI
  41:Core/Src/gpio.c **** */
  42:Core/Src/gpio.c **** void MX_GPIO_Init(void)
  43:Core/Src/gpio.c **** {
  29              		.loc 1 43 1 view -0
  30              		.cfi_startproc
  31              		@ args = 0, pretend = 0, frame = 40
  32              		@ frame_needed = 0, uses_anonymous_args = 0
  33 0000 F0B5     		push	{r4, r5, r6, r7, lr}
  34              	.LCFI0:
  35              		.cfi_def_cfa_offset 20
  36              		.cfi_offset 4, -20
  37              		.cfi_offset 5, -16
  38              		.cfi_offset 6, -12
  39              		.cfi_offset 7, -8
  40              		.cfi_offset 14, -4
  41 0002 8BB0     		sub	sp, sp, #44
  42              	.LCFI1:
  43              		.cfi_def_cfa_offset 64
  44:Core/Src/gpio.c **** 
  45:Core/Src/gpio.c ****   GPIO_InitTypeDef GPIO_InitStruct = {0};
  44              		.loc 1 45 3 view .LVU1
  45              		.loc 1 45 20 is_stmt 0 view .LVU2
  46 0004 0024     		movs	r4, #0
  47 0006 0594     		str	r4, [sp, #20]
  48 0008 0694     		str	r4, [sp, #24]
  49 000a 0794     		str	r4, [sp, #28]
  50 000c 0894     		str	r4, [sp, #32]
  51 000e 0994     		str	r4, [sp, #36]
  46:Core/Src/gpio.c **** 
  47:Core/Src/gpio.c ****   /* GPIO Ports Clock Enable */
  48:Core/Src/gpio.c ****   __HAL_RCC_GPIOC_CLK_ENABLE();
  52              		.loc 1 48 3 is_stmt 1 view .LVU3
  53              	.LBB2:
  54              		.loc 1 48 3 view .LVU4
  55              		.loc 1 48 3 view .LVU5
  56 0010 294B     		ldr	r3, .L3
  57 0012 DA6C     		ldr	r2, [r3, #76]
  58 0014 42F00402 		orr	r2, r2, #4
  59 0018 DA64     		str	r2, [r3, #76]
  60              		.loc 1 48 3 view .LVU6
  61 001a DA6C     		ldr	r2, [r3, #76]
  62 001c 02F00402 		and	r2, r2, #4
  63 0020 0092     		str	r2, [sp]
  64              		.loc 1 48 3 view .LVU7
  65 0022 009A     		ldr	r2, [sp]
  66              	.LBE2:
  67              		.loc 1 48 3 view .LVU8
ARM GAS  C:\temp\cchW4tqU.s 			page 3


  49:Core/Src/gpio.c ****   __HAL_RCC_GPIOF_CLK_ENABLE();
  68              		.loc 1 49 3 view .LVU9
  69              	.LBB3:
  70              		.loc 1 49 3 view .LVU10
  71              		.loc 1 49 3 view .LVU11
  72 0024 DA6C     		ldr	r2, [r3, #76]
  73 0026 42F02002 		orr	r2, r2, #32
  74 002a DA64     		str	r2, [r3, #76]
  75              		.loc 1 49 3 view .LVU12
  76 002c DA6C     		ldr	r2, [r3, #76]
  77 002e 02F02002 		and	r2, r2, #32
  78 0032 0192     		str	r2, [sp, #4]
  79              		.loc 1 49 3 view .LVU13
  80 0034 019A     		ldr	r2, [sp, #4]
  81              	.LBE3:
  82              		.loc 1 49 3 view .LVU14
  50:Core/Src/gpio.c ****   __HAL_RCC_GPIOA_CLK_ENABLE();
  83              		.loc 1 50 3 view .LVU15
  84              	.LBB4:
  85              		.loc 1 50 3 view .LVU16
  86              		.loc 1 50 3 view .LVU17
  87 0036 DA6C     		ldr	r2, [r3, #76]
  88 0038 42F00102 		orr	r2, r2, #1
  89 003c DA64     		str	r2, [r3, #76]
  90              		.loc 1 50 3 view .LVU18
  91 003e DA6C     		ldr	r2, [r3, #76]
  92 0040 02F00102 		and	r2, r2, #1
  93 0044 0292     		str	r2, [sp, #8]
  94              		.loc 1 50 3 view .LVU19
  95 0046 029A     		ldr	r2, [sp, #8]
  96              	.LBE4:
  97              		.loc 1 50 3 view .LVU20
  51:Core/Src/gpio.c ****   __HAL_RCC_GPIOB_CLK_ENABLE();
  98              		.loc 1 51 3 view .LVU21
  99              	.LBB5:
 100              		.loc 1 51 3 view .LVU22
 101              		.loc 1 51 3 view .LVU23
 102 0048 DA6C     		ldr	r2, [r3, #76]
 103 004a 42F00202 		orr	r2, r2, #2
 104 004e DA64     		str	r2, [r3, #76]
 105              		.loc 1 51 3 view .LVU24
 106 0050 DA6C     		ldr	r2, [r3, #76]
 107 0052 02F00202 		and	r2, r2, #2
 108 0056 0392     		str	r2, [sp, #12]
 109              		.loc 1 51 3 view .LVU25
 110 0058 039A     		ldr	r2, [sp, #12]
 111              	.LBE5:
 112              		.loc 1 51 3 view .LVU26
  52:Core/Src/gpio.c ****   __HAL_RCC_GPIOE_CLK_ENABLE();
 113              		.loc 1 52 3 view .LVU27
 114              	.LBB6:
 115              		.loc 1 52 3 view .LVU28
 116              		.loc 1 52 3 view .LVU29
 117 005a DA6C     		ldr	r2, [r3, #76]
 118 005c 42F01002 		orr	r2, r2, #16
 119 0060 DA64     		str	r2, [r3, #76]
 120              		.loc 1 52 3 view .LVU30
ARM GAS  C:\temp\cchW4tqU.s 			page 4


 121 0062 DB6C     		ldr	r3, [r3, #76]
 122 0064 03F01003 		and	r3, r3, #16
 123 0068 0493     		str	r3, [sp, #16]
 124              		.loc 1 52 3 view .LVU31
 125 006a 049B     		ldr	r3, [sp, #16]
 126              	.LBE6:
 127              		.loc 1 52 3 view .LVU32
  53:Core/Src/gpio.c **** 
  54:Core/Src/gpio.c ****   /*Configure GPIO pin Output Level */
  55:Core/Src/gpio.c ****   HAL_GPIO_WritePin(GPIOC, GPIO_PIN_13, GPIO_PIN_SET);
 128              		.loc 1 55 3 view .LVU33
 129 006c 134F     		ldr	r7, .L3+4
 130 006e 0122     		movs	r2, #1
 131 0070 4FF40051 		mov	r1, #8192
 132 0074 3846     		mov	r0, r7
 133 0076 FFF7FEFF 		bl	HAL_GPIO_WritePin
 134              	.LVL0:
  56:Core/Src/gpio.c **** 
  57:Core/Src/gpio.c ****   /*Configure GPIO pin Output Level */
  58:Core/Src/gpio.c ****   HAL_GPIO_WritePin(GPIOE, GPIO_PIN_9, GPIO_PIN_SET);
 135              		.loc 1 58 3 view .LVU34
 136 007a 114D     		ldr	r5, .L3+8
 137 007c 0122     		movs	r2, #1
 138 007e 4FF40071 		mov	r1, #512
 139 0082 2846     		mov	r0, r5
 140 0084 FFF7FEFF 		bl	HAL_GPIO_WritePin
 141              	.LVL1:
  59:Core/Src/gpio.c **** 
  60:Core/Src/gpio.c ****   /*Configure GPIO pin : PC13 */
  61:Core/Src/gpio.c ****   GPIO_InitStruct.Pin = GPIO_PIN_13;
 142              		.loc 1 61 3 view .LVU35
 143              		.loc 1 61 23 is_stmt 0 view .LVU36
 144 0088 4FF40053 		mov	r3, #8192
 145 008c 0593     		str	r3, [sp, #20]
  62:Core/Src/gpio.c ****   GPIO_InitStruct.Mode = GPIO_MODE_OUTPUT_PP;
 146              		.loc 1 62 3 is_stmt 1 view .LVU37
 147              		.loc 1 62 24 is_stmt 0 view .LVU38
 148 008e 0126     		movs	r6, #1
 149 0090 0696     		str	r6, [sp, #24]
  63:Core/Src/gpio.c ****   GPIO_InitStruct.Pull = GPIO_NOPULL;
 150              		.loc 1 63 3 is_stmt 1 view .LVU39
 151              		.loc 1 63 24 is_stmt 0 view .LVU40
 152 0092 0794     		str	r4, [sp, #28]
  64:Core/Src/gpio.c ****   GPIO_InitStruct.Speed = GPIO_SPEED_FREQ_LOW;
 153              		.loc 1 64 3 is_stmt 1 view .LVU41
 154              		.loc 1 64 25 is_stmt 0 view .LVU42
 155 0094 0894     		str	r4, [sp, #32]
  65:Core/Src/gpio.c ****   HAL_GPIO_Init(GPIOC, &GPIO_InitStruct);
 156              		.loc 1 65 3 is_stmt 1 view .LVU43
 157 0096 05A9     		add	r1, sp, #20
 158 0098 3846     		mov	r0, r7
 159 009a FFF7FEFF 		bl	HAL_GPIO_Init
 160              	.LVL2:
  66:Core/Src/gpio.c **** 
  67:Core/Src/gpio.c ****   /*Configure GPIO pin : PE9 */
  68:Core/Src/gpio.c ****   GPIO_InitStruct.Pin = GPIO_PIN_9;
 161              		.loc 1 68 3 view .LVU44
ARM GAS  C:\temp\cchW4tqU.s 			page 5


 162              		.loc 1 68 23 is_stmt 0 view .LVU45
 163 009e 4FF40073 		mov	r3, #512
 164 00a2 0593     		str	r3, [sp, #20]
  69:Core/Src/gpio.c ****   GPIO_InitStruct.Mode = GPIO_MODE_OUTPUT_PP;
 165              		.loc 1 69 3 is_stmt 1 view .LVU46
 166              		.loc 1 69 24 is_stmt 0 view .LVU47
 167 00a4 0696     		str	r6, [sp, #24]
  70:Core/Src/gpio.c ****   GPIO_InitStruct.Pull = GPIO_NOPULL;
 168              		.loc 1 70 3 is_stmt 1 view .LVU48
 169              		.loc 1 70 24 is_stmt 0 view .LVU49
 170 00a6 0794     		str	r4, [sp, #28]
  71:Core/Src/gpio.c ****   GPIO_InitStruct.Speed = GPIO_SPEED_FREQ_LOW;
 171              		.loc 1 71 3 is_stmt 1 view .LVU50
 172              		.loc 1 71 25 is_stmt 0 view .LVU51
 173 00a8 0894     		str	r4, [sp, #32]
  72:Core/Src/gpio.c ****   HAL_GPIO_Init(GPIOE, &GPIO_InitStruct);
 174              		.loc 1 72 3 is_stmt 1 view .LVU52
 175 00aa 05A9     		add	r1, sp, #20
 176 00ac 2846     		mov	r0, r5
 177 00ae FFF7FEFF 		bl	HAL_GPIO_Init
 178              	.LVL3:
  73:Core/Src/gpio.c **** 
  74:Core/Src/gpio.c **** }
 179              		.loc 1 74 1 is_stmt 0 view .LVU53
 180 00b2 0BB0     		add	sp, sp, #44
 181              	.LCFI2:
 182              		.cfi_def_cfa_offset 20
 183              		@ sp needed
 184 00b4 F0BD     		pop	{r4, r5, r6, r7, pc}
 185              	.L4:
 186 00b6 00BF     		.align	2
 187              	.L3:
 188 00b8 00100240 		.word	1073876992
 189 00bc 00080048 		.word	1207961600
 190 00c0 00100048 		.word	1207963648
 191              		.cfi_endproc
 192              	.LFE332:
 194              		.text
 195              	.Letext0:
 196              		.file 2 "d:\\clion\\gcc\\lujing\\10 2021.10\\arm-none-eabi\\include\\machine\\_default_types.h"
 197              		.file 3 "d:\\clion\\gcc\\lujing\\10 2021.10\\arm-none-eabi\\include\\sys\\_stdint.h"
 198              		.file 4 "Drivers/CMSIS/Device/ST/STM32G4xx/Include/stm32g473xx.h"
 199              		.file 5 "Drivers/STM32G4xx_HAL_Driver/Inc/stm32g4xx_hal_gpio.h"
ARM GAS  C:\temp\cchW4tqU.s 			page 6


DEFINED SYMBOLS
                            *ABS*:00000000 gpio.c
  C:\temp\cchW4tqU.s:20     .text.MX_GPIO_Init:00000000 $t
  C:\temp\cchW4tqU.s:26     .text.MX_GPIO_Init:00000000 MX_GPIO_Init
  C:\temp\cchW4tqU.s:188    .text.MX_GPIO_Init:000000b8 $d

UNDEFINED SYMBOLS
HAL_GPIO_WritePin
HAL_GPIO_Init
